C51 COMPILER V9.01   COMMON                                                                07/09/2017 16:00:00 PAGE 1   


C51 COMPILER V9.01, COMPILATION OF MODULE COMMON
OBJECT MODULE PLACED IN .\DebugRel\Common.obj
COMPILER INVOKED BY: H:\mpro\MCU\Keil\C51\BIN\C51.EXE Common.c OMF2 BROWSE DEBUG TABS(2) OBJECT(.\DebugRel\Common.obj)

line level    source

   1          #include "common.h"
   2          
   3          void delay(uint t)
   4          {
   5   1        uint j;
   6   1          for (;t>0;t--)
   7   1              for (j=5;j>0;j--);
   8   1      }
   9          
  10          void delayms(uint t)//—”≥Ÿi∫¡√Î
  11          {
  12   1          unsigned char a,b;
  13   1        while(t--)
  14   1          for(b=2;b>0;b--)
  15   1              for(a=227;a>0;a--);
  16   1      }
  17          
  18          void delayus(uint t)//usº∂—” ±
  19          {
  20   1        while(t--);
  21   1      }


MODULE INFORMATION:   STATIC OVERLAYABLE
   CODE SIZE        =     67    ----
   CONSTANT SIZE    =   ----    ----
   XDATA SIZE       =   ----    ----
   PDATA SIZE       =   ----    ----
   DATA SIZE        =   ----    ----
   IDATA SIZE       =   ----    ----
   BIT SIZE         =   ----    ----
   EDATA SIZE       =   ----    ----
   HDATA SIZE       =   ----    ----
   XDATA CONST SIZE =   ----    ----
   FAR CONST SIZE   =   ----    ----
END OF MODULE INFORMATION.


C51 COMPILATION COMPLETE.  0 WARNING(S),  0 ERROR(S)
