C51 COMPILER V9.01   FONT                                                                  07/09/2017 16:00:00 PAGE 1   


C51 COMPILER V9.01, COMPILATION OF MODULE FONT
OBJECT MODULE PLACED IN .\DebugRel\Font.obj
COMPILER INVOKED BY: H:\mpro\MCU\Keil\C51\BIN\C51.EXE Font.c OMF2 BROWSE DEBUG TABS(2) OBJECT(.\DebugRel\Font.obj)

line level    source

   1          #include "Font.h"
   2          
   3          #ifdef COMPILE_FONT_
   4          
   5          //!"#$%&'()*+,-./0123456789:;<=>?@ABCDEFGHIJKLMNOPQRSTUVWXYZ[\]^_`abcdefghijklmnopqrstuvwxyz{|}
   6          
   7          unsigned char code Graphics_SongTi[][12]=
   8          {
   9          {0x00,0x00,0x00,0x00,0x00,0x00,0x00,0x00,0x00,0x00,0x00,0x00},/*" ",0*/
  10          
  11          {0x00,0x00,0x20,0x20,0x20,0x20,0x20,0x20,0x00,0x20,0x00,0x00},/*"!",1*/
  12          
  13          {0x00,0x28,0x50,0x50,0x00,0x00,0x00,0x00,0x00,0x00,0x00,0x00},/*""",2*/
  14          
  15          {0x00,0x00,0x28,0x28,0xFC,0x28,0x50,0xFC,0x50,0x50,0x00,0x00},/*"#",3*/
  16          
  17          {0x00,0x20,0x78,0xA8,0xA0,0x60,0x30,0x28,0xA8,0xF0,0x20,0x00},/*"$",4*/
  18          
  19          {0x00,0x00,0x48,0xA8,0xB0,0x50,0x28,0x34,0x54,0x48,0x00,0x00},/*"%",5*/
  20          
  21          {0x00,0x00,0x20,0x50,0x50,0x78,0xA8,0xA8,0x90,0x6C,0x00,0x00},/*"&",6*/
  22          
  23          {0x00,0x40,0x40,0x80,0x00,0x00,0x00,0x00,0x00,0x00,0x00,0x00},/*"'",7*/
  24          
  25          {0x00,0x04,0x08,0x10,0x10,0x10,0x10,0x10,0x10,0x08,0x04,0x00},/*"(",8*/
  26          
  27          {0x00,0x40,0x20,0x10,0x10,0x10,0x10,0x10,0x10,0x20,0x40,0x00},/*")",9*/
  28          
  29          {0x00,0x00,0x00,0x20,0xA8,0x70,0x70,0xA8,0x20,0x00,0x00,0x00},/*"*",10*/
  30          
  31          {0x00,0x00,0x20,0x20,0x20,0xF8,0x20,0x20,0x20,0x00,0x00,0x00},/*"+",11*/
  32          
  33          {0x00,0x00,0x00,0x00,0x00,0x00,0x00,0x00,0x00,0x40,0x40,0x80},/*",",12*/
  34          
  35          {0x00,0x00,0x00,0x00,0x00,0xF8,0x00,0x00,0x00,0x00,0x00,0x00},/*"-",13*/
  36          
  37          {0x00,0x00,0x00,0x00,0x00,0x00,0x00,0x00,0x00,0x40,0x00,0x00},/*".",14*/
  38          
  39          {0x00,0x08,0x10,0x10,0x10,0x20,0x20,0x40,0x40,0x40,0x80,0x00},/*"/",15*/
  40          
  41          {0x00,0x00,0x70,0x88,0x88,0x88,0x88,0x88,0x88,0x70,0x00,0x00},/*"0",16*/
  42          
  43          {0x00,0x00,0x20,0x60,0x20,0x20,0x20,0x20,0x20,0x70,0x00,0x00},/*"1",17*/
  44          
  45          {0x00,0x00,0x70,0x88,0x88,0x10,0x20,0x40,0x80,0xF8,0x00,0x00},/*"2",18*/
  46          
  47          {0x00,0x00,0x70,0x88,0x08,0x30,0x08,0x08,0x88,0x70,0x00,0x00},/*"3",19*/
  48          
  49          {0x00,0x00,0x10,0x30,0x50,0x50,0x90,0x78,0x10,0x18,0x00,0x00},/*"4",20*/
  50          
  51          {0x00,0x00,0xF8,0x80,0x80,0xF0,0x08,0x08,0x88,0x70,0x00,0x00},/*"5",21*/
  52          
  53          {0x00,0x00,0x70,0x90,0x80,0xF0,0x88,0x88,0x88,0x70,0x00,0x00},/*"6",22*/
  54          
  55          {0x00,0x00,0xF8,0x90,0x10,0x20,0x20,0x20,0x20,0x20,0x00,0x00},/*"7",23*/
C51 COMPILER V9.01   FONT                                                                  07/09/2017 16:00:00 PAGE 2   

  56          
  57          {0x00,0x00,0x70,0x88,0x88,0x70,0x88,0x88,0x88,0x70,0x00,0x00},/*"8",24*/
  58          
  59          {0x00,0x00,0x70,0x88,0x88,0x88,0x78,0x08,0x48,0x70,0x00,0x00},/*"9",25*/
  60          
  61          {0x00,0x00,0x00,0x00,0x20,0x00,0x00,0x00,0x00,0x20,0x00,0x00},/*":",26*/
  62          
  63          {0x00,0x00,0x00,0x00,0x00,0x20,0x00,0x00,0x00,0x20,0x20,0x00},/*";",27*/
  64          
  65          {0x00,0x04,0x08,0x10,0x20,0x40,0x20,0x10,0x08,0x04,0x00,0x00},/*"<",28*/
  66          
  67          {0x00,0x00,0x00,0x00,0xF8,0x00,0x00,0xF8,0x00,0x00,0x00,0x00},/*"=",29*/
  68          
  69          {0x00,0x40,0x20,0x10,0x08,0x04,0x08,0x10,0x20,0x40,0x00,0x00},/*">",30*/
  70          
  71          {0x00,0x00,0x70,0x88,0x88,0x10,0x20,0x20,0x00,0x20,0x00,0x00},/*"?",31*/
  72          
  73          {0x00,0x00,0x70,0x88,0x98,0xA8,0xA8,0xB8,0x80,0x78,0x00,0x00},/*"@",32*/
  74          
  75          {0x00,0x00,0x20,0x20,0x30,0x50,0x50,0x78,0x48,0xCC,0x00,0x00},/*"A",33*/
  76          
  77          {0x00,0x00,0xF0,0x48,0x48,0x70,0x48,0x48,0x48,0xF0,0x00,0x00},/*"B",34*/
  78          
  79          {0x00,0x00,0x78,0x88,0x80,0x80,0x80,0x80,0x88,0x70,0x00,0x00},/*"C",35*/
  80          
  81          {0x00,0x00,0xF0,0x48,0x48,0x48,0x48,0x48,0x48,0xF0,0x00,0x00},/*"D",36*/
  82          
  83          {0x00,0x00,0xF8,0x48,0x50,0x70,0x50,0x40,0x48,0xF8,0x00,0x00},/*"E",37*/
  84          
  85          {0x00,0x00,0xF8,0x48,0x50,0x70,0x50,0x40,0x40,0xE0,0x00,0x00},/*"F",38*/
  86          
  87          {0x00,0x00,0x38,0x48,0x80,0x80,0x9C,0x88,0x48,0x30,0x00,0x00},/*"G",39*/
  88          
  89          {0x00,0x00,0xCC,0x48,0x48,0x78,0x48,0x48,0x48,0xCC,0x00,0x00},/*"H",40*/
  90          
  91          {0x00,0x00,0xF8,0x20,0x20,0x20,0x20,0x20,0x20,0xF8,0x00,0x00},/*"I",41*/
  92          
  93          {0x00,0x00,0x7C,0x10,0x10,0x10,0x10,0x10,0x10,0x90,0xE0,0x00},/*"J",42*/
  94          
  95          {0x00,0x00,0xEC,0x48,0x50,0x60,0x50,0x50,0x48,0xEC,0x00,0x00},/*"K",43*/
  96          
  97          {0x00,0x00,0xE0,0x40,0x40,0x40,0x40,0x40,0x44,0xFC,0x00,0x00},/*"L",44*/
  98          
  99          {0x00,0x00,0xD8,0xD8,0xD8,0xD8,0xA8,0xA8,0xA8,0xA8,0x00,0x00},/*"M",45*/
 100          
 101          {0x00,0x00,0xDC,0x48,0x68,0x68,0x58,0x58,0x48,0xE8,0x00,0x00},/*"N",46*/
 102          
 103          {0x00,0x00,0x70,0x88,0x88,0x88,0x88,0x88,0x88,0x70,0x00,0x00},/*"O",47*/
 104          
 105          {0x00,0x00,0xF0,0x48,0x48,0x70,0x40,0x40,0x40,0xE0,0x00,0x00},/*"P",48*/
 106          
 107          {0x00,0x00,0x70,0x88,0x88,0x88,0x88,0xE8,0x98,0x70,0x18,0x00},/*"Q",49*/
 108          
 109          {0x00,0x00,0xF0,0x48,0x48,0x70,0x50,0x48,0x48,0xEC,0x00,0x00},/*"R",50*/
 110          
 111          {0x00,0x00,0x78,0x88,0x80,0x60,0x10,0x08,0x88,0xF0,0x00,0x00},/*"S",51*/
 112          
 113          {0x00,0x00,0xF8,0xA8,0x20,0x20,0x20,0x20,0x20,0x70,0x00,0x00},/*"T",52*/
 114          
 115          {0x00,0x00,0xCC,0x48,0x48,0x48,0x48,0x48,0x48,0x30,0x00,0x00},/*"U",53*/
 116          
 117          {0x00,0x00,0xCC,0x48,0x48,0x50,0x50,0x30,0x20,0x20,0x00,0x00},/*"V",54*/
C51 COMPILER V9.01   FONT                                                                  07/09/2017 16:00:00 PAGE 3   

 118          
 119          {0x00,0x00,0xA8,0xA8,0xA8,0x70,0x50,0x50,0x50,0x50,0x00,0x00},/*"W",55*/
 120          
 121          {0x00,0x00,0xD8,0x50,0x50,0x20,0x20,0x50,0x50,0xD8,0x00,0x00},/*"X",56*/
 122          
 123          {0x00,0x00,0xD8,0x50,0x50,0x20,0x20,0x20,0x20,0x70,0x00,0x00},/*"Y",57*/
 124          
 125          {0x00,0x00,0xF8,0x90,0x10,0x20,0x20,0x40,0x48,0xF8,0x00,0x00},/*"Z",58*/
 126          
 127          {0x00,0x38,0x20,0x20,0x20,0x20,0x20,0x20,0x20,0x20,0x38,0x00},/*"[",59*/
 128          
 129          {0x00,0x40,0x40,0x40,0x20,0x20,0x10,0x10,0x10,0x08,0x00,0x00},/*"\",60*/
 130          
 131          {0x00,0x70,0x10,0x10,0x10,0x10,0x10,0x10,0x10,0x10,0x70,0x00},/*"]",61*/
 132          
 133          {0x00,0x20,0x50,0x00,0x00,0x00,0x00,0x00,0x00,0x00,0x00,0x00},/*"^",62*/
 134          
 135          {0x00,0x00,0x00,0x00,0x00,0x00,0x00,0x00,0x00,0x00,0x00,0xFC},/*"_",63*/
 136          
 137          {0x00,0x20,0x00,0x00,0x00,0x00,0x00,0x00,0x00,0x00,0x00,0x00},/*"`",64*/
 138          
 139          {0x00,0x00,0x00,0x00,0x00,0x30,0x48,0x38,0x48,0x3C,0x00,0x00},/*"a",65*/
 140          
 141          {0x00,0x00,0xC0,0x40,0x40,0x70,0x48,0x48,0x48,0x70,0x00,0x00},/*"b",66*/
 142          
 143          {0x00,0x00,0x00,0x00,0x00,0x38,0x48,0x40,0x40,0x38,0x00,0x00},/*"c",67*/
 144          
 145          {0x00,0x00,0x18,0x08,0x08,0x38,0x48,0x48,0x48,0x3C,0x00,0x00},/*"d",68*/
 146          
 147          {0x00,0x00,0x00,0x00,0x00,0x30,0x48,0x78,0x40,0x38,0x00,0x00},/*"e",69*/
 148          
 149          {0x00,0x00,0x1C,0x20,0x20,0x78,0x20,0x20,0x20,0x78,0x00,0x00},/*"f",70*/
 150          
 151          {0x00,0x00,0x00,0x00,0x00,0x3C,0x48,0x30,0x40,0x78,0x44,0x38},/*"g",71*/
 152          
 153          {0x00,0x00,0xC0,0x40,0x40,0x70,0x48,0x48,0x48,0xEC,0x00,0x00},/*"h",72*/
 154          
 155          {0x00,0x00,0x20,0x00,0x00,0x60,0x20,0x20,0x20,0x70,0x00,0x00},/*"i",73*/
 156          
 157          {0x00,0x00,0x10,0x00,0x00,0x30,0x10,0x10,0x10,0x10,0x10,0xE0},/*"j",74*/
 158          
 159          {0x00,0x00,0xC0,0x40,0x40,0x5C,0x50,0x70,0x48,0xEC,0x00,0x00},/*"k",75*/
 160          
 161          {0x00,0x00,0xE0,0x20,0x20,0x20,0x20,0x20,0x20,0xF8,0x00,0x00},/*"l",76*/
 162          
 163          {0x00,0x00,0x00,0x00,0x00,0xF0,0xA8,0xA8,0xA8,0xA8,0x00,0x00},/*"m",77*/
 164          
 165          {0x00,0x00,0x00,0x00,0x00,0xF0,0x48,0x48,0x48,0xEC,0x00,0x00},/*"n",78*/
 166          
 167          {0x00,0x00,0x00,0x00,0x00,0x30,0x48,0x48,0x48,0x30,0x00,0x00},/*"o",79*/
 168          
 169          {0x00,0x00,0x00,0x00,0x00,0xF0,0x48,0x48,0x48,0x70,0x40,0xE0},/*"p",80*/
 170          
 171          {0x00,0x00,0x00,0x00,0x00,0x38,0x48,0x48,0x48,0x38,0x08,0x1C},/*"q",81*/
 172          
 173          {0x00,0x00,0x00,0x00,0x00,0xD8,0x60,0x40,0x40,0xE0,0x00,0x00},/*"r",82*/
 174          
 175          {0x00,0x00,0x00,0x00,0x00,0x78,0x40,0x30,0x08,0x78,0x00,0x00},/*"s",83*/
 176          
 177          {0x00,0x00,0x00,0x20,0x20,0x70,0x20,0x20,0x20,0x18,0x00,0x00},/*"t",84*/
 178          
 179          {0x00,0x00,0x00,0x00,0x00,0xD8,0x48,0x48,0x48,0x3C,0x00,0x00},/*"u",85*/
C51 COMPILER V9.01   FONT                                                                  07/09/2017 16:00:00 PAGE 4   

 180          
 181          {0x00,0x00,0x00,0x00,0x00,0xEC,0x48,0x50,0x30,0x20,0x00,0x00},/*"v",86*/
 182          
 183          {0x00,0x00,0x00,0x00,0x00,0xA8,0xA8,0x70,0x50,0x50,0x00,0x00},/*"w",87*/
 184          
 185          {0x00,0x00,0x00,0x00,0x00,0xD8,0x50,0x20,0x50,0xD8,0x00,0x00},/*"x",88*/
 186          
 187          {0x00,0x00,0x00,0x00,0x00,0xEC,0x48,0x50,0x30,0x20,0x20,0xC0},/*"y",89*/
 188          
 189          {0x00,0x00,0x00,0x00,0x00,0x78,0x10,0x20,0x20,0x78,0x00,0x00},/*"z",90*/
 190          
 191          {0x00,0x18,0x10,0x10,0x10,0x20,0x10,0x10,0x10,0x10,0x18,0x00},/*"{",91*/
 192          
 193          {0x10,0x10,0x10,0x10,0x10,0x10,0x10,0x10,0x10,0x10,0x10,0x10},/*"|",92*/
 194          
 195          {0x00,0x60,0x20,0x20,0x20,0x10,0x20,0x20,0x20,0x20,0x60,0x00},/*"}",93*/
 196          
 197          };
 198          
 199          Font code SystemFont={*Graphics_SongTi,6,12,32};
 200          
 201          u16 getChinese(u16 chi)
 202          {
 203   1        switch(chi)
 204   1        {
 205   2          case 0xced2:
 206   2            return 98;
 207   2          case 0xcac7:
 208   2            return 100;
 209   2          case 0xcdf5:
 210   2            return 102;
 211   2          case 0xb6fe:
 212   2            return 104;
 213   2          case 0xb9b7:
 214   2            return 106;
 215   2        }
 216   1        return 0;
 217   1      }
 218          
 219          #endif


MODULE INFORMATION:   STATIC OVERLAYABLE
   CODE SIZE        =     59    ----
   CONSTANT SIZE    =   1133    ----
   XDATA SIZE       =   ----    ----
   PDATA SIZE       =   ----    ----
   DATA SIZE        =   ----    ----
   IDATA SIZE       =   ----    ----
   BIT SIZE         =   ----    ----
   EDATA SIZE       =   ----    ----
   HDATA SIZE       =   ----    ----
   XDATA CONST SIZE =   ----    ----
   FAR CONST SIZE   =   ----    ----
END OF MODULE INFORMATION.


C51 COMPILATION COMPLETE.  0 WARNING(S),  0 ERROR(S)
