C51 COMPILER V9.01   SPI                                                                   07/09/2017 16:00:01 PAGE 1   


C51 COMPILER V9.01, COMPILATION OF MODULE SPI
OBJECT MODULE PLACED IN .\DebugRel\SPI.obj
COMPILER INVOKED BY: H:\mpro\MCU\Keil\C51\BIN\C51.EXE SPI.c OMF2 BROWSE DEBUG TABS(2) OBJECT(.\DebugRel\SPI.obj)

line level    source

   1          #include "spi.h"
   2          
   3          //-----------------------函数声明，变量定义-------------------------------------------------------- 
   4          #include <Common.h> 
   5          #include <intrins.h> 
   6          sbit SCK=P1^6; // 将p1.0口模拟时钟输出 
   7          sbit MOSI=P1^5; // 将p1.1口模拟主机输出 
   8          sbit MISO=P1^0; // 将p1.1口模拟主机输入 
   9          sbit SS1=P1^2; // 将p1.1口模拟片选 
  10          #define delayNOP(); //{_nop_();_nop_();_nop_();_nop_();}; 
  11          //-------------------------------------------------------------------------------------------------- 
  12          // 函数名称： SPISendByte 
  13          // 入口参数： ch 
  14          // 函数功能： 发送一个字节 
  15          //-------------------------------------------------------------------------------------------------- 
  16          void SPISendByte(unsigned char ch) 
  17          { 
  18   1        unsigned char idata n=8; // 向SDA上发送一位数据字节，共八位 
  19   1        SCK = 1 ; //时钟置高 
  20   1        SS1 = 0 ; //选择从机 
  21   1        while(n--) 
  22   1        { 
  23   2          delayNOP(); 
  24   2          SCK = 0 ; //时钟置低 
  25   2          if((ch&0x80) == 0x80) // 若要发送的数据最高位为1则发送位1 
  26   2          { 
  27   3            MOSI = 1; // 传送位1 
  28   3          } 
  29   2          else
  30   2          { 
  31   3            MOSI = 0; // 否则传送位0 
  32   3          } 
  33   2          delayNOP(); 
  34   2          ch = ch<<1; // 数据左移一位 
  35   2          SCK = 1 ; //时钟置高 
  36   2        } 
  37   1      } 
  38          //-------------------------------------------------------------------------------------------------- 
  39          // 函数名称： SPIreceiveByte 
  40          // 返回接收的数据 
  41          // 函数功能： 接收一字节子程序 
  42          //-------------------------------------------------------------------------------------------------- 
  43          unsigned char SPIreceiveByte() 
  44          { 
  45   1        unsigned char idata n=8; // 从MISO线上读取一上数据字节，共八位 
  46   1        unsigned char tdata; 
  47   1        SCK = 1; //时钟为高 
  48   1        SS1 = 0; //选择从机 
  49   1        while(n--) 
  50   1        { 
  51   2          delayNOP(); 
  52   2          SCK = 0; //时钟为低 
  53   2          delayNOP(); 
  54   2          tdata = tdata<<1; // 左移一位，或_crol_(temp,1) 
  55   2          if(MISO == 1) 
C51 COMPILER V9.01   SPI                                                                   07/09/2017 16:00:01 PAGE 2   

  56   2            tdata = tdata|0x01; // 若接收到的位为1，则数据的最后一位置1 
  57   2          else
  58   2            tdata = tdata&0xfe; // 否则数据的最后一位置0 
  59   2          SCK=1; 
  60   2        } 
  61   1        return(tdata); 
  62   1      } 
  63          //-------------------------------------------------------------------------------------------------- 
  64          // 函数名称： SPIsend_receiveByte 
  65          // 入口参数： ch 
  66          // 返回接收的数据 
  67          // 函数功能：串行输入/输出子程序 
  68          //-------------------------------------------------------------------------------------------------- 
  69          unsigned char SPIsend_receiveByte(unsigned char ch) 
  70          { 
  71   1        unsigned char idata n=8; // 从MISO线上读取一上数据字节，共八位 
  72   1        unsigned char tdata; 
  73   1        SCK = 1; //时钟为高 
  74   1        SS1 = 0; //选择从机 
  75   1        while(n--) 
  76   1        { 
  77   2          delayNOP(); 
  78   2          SCK = 0; //时钟为低 
  79   2          delayNOP(); 
  80   2          { 
  81   3            tdata = tdata<<1; // 左移一位，或_crol_(temp,1) 
  82   3            if(MISO == 1) 
  83   3              tdata = tdata|0x01; // 若接收到的位为1，则数据的最后一位置1 
  84   3            else
  85   3              tdata = tdata&0xfe; // 否则数据的最后一位置0 
  86   3          } 
  87   2          { 
  88   3            if((ch&0x80) == 0x80) // 若要发送的数据最高位为1则发送位1 
  89   3            { 
  90   4              MOSI = 1; // 传送位1 
  91   4            } 
  92   3            else
  93   3            { 
  94   4              MOSI = 0; // 否则传送位0 
  95   4            } 
  96   3            ch = ch<<1; // 数据左移一位 
  97   3          } 
  98   2          SCK=1; 
  99   2        } 
 100   1        return(tdata); 
 101   1      }


MODULE INFORMATION:   STATIC OVERLAYABLE
   CODE SIZE        =    123    ----
   CONSTANT SIZE    =   ----    ----
   XDATA SIZE       =   ----    ----
   PDATA SIZE       =   ----    ----
   DATA SIZE        =   ----    ----
   IDATA SIZE       =   ----       3
   BIT SIZE         =   ----    ----
   EDATA SIZE       =   ----    ----
   HDATA SIZE       =   ----    ----
   XDATA CONST SIZE =   ----    ----
   FAR CONST SIZE   =   ----    ----
END OF MODULE INFORMATION.


C51 COMPILATION COMPLETE.  0 WARNING(S),  0 ERROR(S)
